#fOrTyTwO
$hz=100;
$XS_VERSION='DProf 20110802.00';
# All values are given in HZ
$over_utime=1; $over_stime=-1; $over_rtime=1;
$over_tests=10000;
$rrun_utime=0; $rrun_stime=0; $rrun_rtime=1;
$total_marks=178                                                                                                                                                                                   

PART2
& 2 main BEGIN
+ 2
& 3 Benchmark BEGIN
+ 3
& 4 strict import
+ 4
& 5 strict bits
+ 5
- 5
- 4
- 3
& 6 Benchmark BEGIN
+ 6
& 7 strict unimport
+ 7
+ 5
- 5
- 7
- 6
& 8 Benchmark BEGIN
+ 8
& 9 Carp BEGIN
+ 9
- 9
& a Carp BEGIN
+ a
+ 4
+ 5
- 5
- 4
- a
& b Carp BEGIN
+ b
& c warnings import
+ c
- c
- b
& d Carp BEGIN
+ d
+ 7
+ 5
- 5
- 7
- d
& e Carp BEGIN
+ e
- e
+ 9
+ 7
+ 5
- 5
- 7
- 9
& f Carp BEGIN
+ f
- f
& 10 Carp BEGIN
+ 10
+ 7
+ 5
- 5
- 7
- 10
& 11 Carp BEGIN
+ 11
- 11
& 12 Carp BEGIN
+ 12
+ 7
+ 5
- 5
- 7
- 12
& 13 Carp BEGIN
+ 13
& 14 warnings unimport
+ 14
- 14
- 13
& 15 Carp BEGIN
+ 15
+ 14
- 14
- 15
& 16 Carp BEGIN
+ 16
+ 7
+ 5
- 5
- 7
- 16
@ 0 0 1
& 17 Exporter import
+ 17
- 17
- 8
& 18 Benchmark BEGIN
+ 18
+ 17
- 17
- 18
& 19 Benchmark BEGIN
+ 19
& 1a Time::HiRes BEGIN
+ 1a
- 1a
& 1b Time::HiRes BEGIN
+ 1b
+ 4
+ 5
- 5
- 4
- 1b
& 1c Time::HiRes BEGIN
+ 1c
+ 7
+ 5
- 5
- 7
- 1c
& 1d DynaLoader BEGIN
+ 1d
- 1d
& 1e DynaLoader BEGIN
+ 1e
& 1f Config import
+ 1f
- 1f
- 1e
& 20 Config FETCH
+ 20
- 20
+ 20
- 20
+ 20
- 20
+ 20
- 20
+ 20
- 20
+ 20
- 20
+ 20
- 20
& 21 DynaLoader bootstrap
+ 21
& 22 DynaLoader dl_load_flags
+ 22
- 22
& 23 DynaLoader dl_load_file
+ 23
- 23
& 24 DynaLoader dl_undef_symbols
+ 24
- 24
& 25 DynaLoader dl_find_symbol
+ 25
- 25
& 26 DynaLoader dl_install_xsub
+ 26
- 26
& 27 Time::HiRes bootstrap
+ 27
- 27
- 21
& 28 Time::HiRes import
+ 28
& 29 Exporter export_to_level
+ 29
& 2a Exporter as_heavy
+ 2a
& 2b Exporter::Heavy BEGIN
+ 2b
+ 4
+ 5
- 5
- 4
- 2b
& 2c Exporter::Heavy BEGIN
+ 2c
+ 7
+ 5
- 5
- 7
- 2c
& 2d Exporter::Heavy BEGIN
+ 2d
+ 14
- 14
- 2d
- 2a
& 2e Exporter::Heavy heavy_export_to_level
* 2e
& 2f Exporter export
+ 2f
+ 2a
- 2a
& 30 Exporter::Heavy heavy_export
* 30
& 31 Exporter::Heavy _rebuild_cache
+ 31
- 31
- 2f
- 29
- 28
- 19
& 32 Benchmark init
+ 32
& 33 Benchmark disablecache
+ 33
- 33
& 34 Benchmark clearallcache
+ 34
- 34
- 32
& 35 Benchmark import
+ 35
+ 29
+ 2a
- 2a
* 2e
+ 2f
+ 2a
- 2a
* 30
+ 31
- 31
- 2f
- 29
- 35
- 2
